"Sarsa",9912
Puerta1,3600
Puerta2,300
Puerta3,0
Puerta4,0
Puerta5,6012
Puerta6,0
Puerta7,0
Puerta8,0
Puerta9,0
Puerta10,0
Puerta11,0
Puerta12,0
Puerta13,0
Puerta14,0
Puerta15,0
"SanBoca",5000
Puerta1,1000
Puerta2,0
Puerta3,0
Puerta4,0
Puerta5,0
Puerta6,0
Puerta7,0
Puerta8,0
Puerta9,0
Puerta10,0
Puerta11,0
Puerta12,0
Puerta13,0
Puerta14,0
Puerta15,4000
"RivSan",8000
Puerta1,3000
Puerta2,3000
Puerta3,2000
Puerta4,0
Puerta5,0
Puerta6,0
Puerta7,0
Puerta8,0
Puerta9,0
Puerta10,0
Puerta11,0
Puerta12,0
Puerta13,0
Puerta14,0
Puerta15,0
